# JRE version: Java(TM) SE Runtime Environment (12.0+33) (build 12+33)
# Java VM: Java HotSpot(TM) 64-Bit Server VM (12+33, mixed mode, sharing, tiered, compressed oops, g1 gc, windows-amd64)
Heap:
 garbage-first heap   total 262144K, used 124182K [0x0000000700c00000, 0x0000000800000000)
  region size 1024K, 113 young (115712K), 8 survivors (8192K)
 Metaspace       used 17480K, capacity 17760K, committed 17920K, reserved 1064960K
  class space    used 1894K, capacity 1998K, committed 2048K, reserved 1048576K
GC Heap History (10 events):
Event: 11.609 GC heap before
{Heap before GC invocations=1 (full 0):
 garbage-first heap   total 262144K, used 167537K [0x0000000700c00000, 0x0000000800000000)
  region size 1024K, 153 young (156672K), 3 survivors (3072K)
 Metaspace       used 16132K, capacity 16444K, committed 16640K, reserved 1064960K
  class space    used 1805K, capacity 1924K, committed 2048K, reserved 1048576K
}
Event: 11.614 GC heap after
{Heap after GC invocations=2 (full 0):
 garbage-first heap   total 262144K, used 21054K [0x0000000700c00000, 0x0000000800000000)
  region size 1024K, 11 young (11264K), 11 survivors (11264K)
 Metaspace       used 16132K, capacity 16444K, committed 16640K, reserved 1064960K
  class space    used 1805K, capacity 1924K, committed 2048K, reserved 1048576K
}
Event: 14.802 GC heap before
{Heap before GC invocations=2 (full 0):
 garbage-first heap   total 262144K, used 166462K [0x0000000700c00000, 0x0000000800000000)
  region size 1024K, 153 young (156672K), 11 survivors (11264K)
 Metaspace       used 16150K, capacity 16509K, committed 16640K, reserved 1064960K
  class space    used 1805K, capacity 1924K, committed 2048K, reserved 1048576K
}
Event: 14.805 GC heap after
{Heap after GC invocations=3 (full 0):
 garbage-first heap   total 262144K, used 17986K [0x0000000700c00000, 0x0000000800000000)
  region size 1024K, 8 young (8192K), 8 survivors (8192K)
 Metaspace       used 16150K, capacity 16509K, committed 16640K, reserved 1064960K
  class space    used 1805K, capacity 1924K, committed 2048K, reserved 1048576K
}
Event: 18.610 GC heap before
{Heap before GC invocations=3 (full 0):
 garbage-first heap   total 262144K, used 166466K [0x0000000700c00000, 0x0000000800000000)
  region size 1024K, 153 young (156672K), 8 survivors (8192K)
 Metaspace       used 16166K, capacity 16509K, committed 16640K, reserved 1064960K
  class space    used 1805K, capacity 1924K, committed 2048K, reserved 1048576K
}
Event: 18.611 GC heap after
{Heap after GC invocations=4 (full 0):
 garbage-first heap   total 262144K, used 18002K [0x0000000700c00000, 0x0000000800000000)
  region size 1024K, 8 young (8192K), 8 survivors (8192K)
 Metaspace       used 16166K, capacity 16509K, committed 16640K, reserved 1064960K
  class space    used 1805K, capacity 1924K, committed 2048K, reserved 1048576K
}
Event: 22.417 GC heap before
{Heap before GC invocations=4 (full 0):
 garbage-first heap   total 262144K, used 166482K [0x0000000700c00000, 0x0000000800000000)
  region size 1024K, 153 young (156672K), 8 survivors (8192K)
 Metaspace       used 16190K, capacity 16509K, committed 16640K, reserved 1064960K
  class space    used 1805K, capacity 1924K, committed 2048K, reserved 1048576K
}
Event: 22.418 GC heap after
{Heap after GC invocations=5 (full 0):
 garbage-first heap   total 262144K, used 17954K [0x0000000700c00000, 0x0000000800000000)
  region size 1024K, 8 young (8192K), 8 survivors (8192K)
 Metaspace       used 16190K, capacity 16509K, committed 16640K, reserved 1064960K
  class space    used 1805K, capacity 1924K, committed 2048K, reserved 1048576K
}
Event: 26.227 GC heap before
{Heap before GC invocations=5 (full 0):
 garbage-first heap   total 262144K, used 166434K [0x0000000700c00000, 0x0000000800000000)
  region size 1024K, 153 young (156672K), 8 survivors (8192K)
 Metaspace       used 16201K, capacity 16509K, committed 16640K, reserved 1064960K
  class space    used 1805K, capacity 1924K, committed 2048K, reserved 1048576K
}
Event: 26.228 GC heap after
{Heap after GC invocations=6 (full 0):
 garbage-first heap   total 262144K, used 17686K [0x0000000700c00000, 0x0000000800000000)
  region size 1024K, 8 young (8192K), 8 survivors (8192K)
 Metaspace       used 16201K, capacity 16509K, committed 16640K, reserved 1064960K
  class space    used 1805K, capacity 1924K, committed 2048K, reserved 1048576K
}

